
****** PlanAhead v14.7 (64-bit)
  **** Build 321239 by xbuild on Fri Sep 27 19:29:51 MDT 2013
    ** Copyright 1986-1999, 2001-2013 Xilinx, Inc. All Rights Reserved.

INFO: [Common 17-78] Attempting to get a license: PlanAhead
INFO: [Common 17-290] Got license for PlanAhead
INFO: [Device 21-36] Loading parts and site information from C:/Xilinx/14.7/ISE_DS/PlanAhead/data/parts/arch.xml
Parsing RTL primitives file [C:/Xilinx/14.7/ISE_DS/PlanAhead/data/parts/xilinx/rtl/prims/rtl_prims.xml]
Finished parsing RTL primitives file [C:/Xilinx/14.7/ISE_DS/PlanAhead/data/parts/xilinx/rtl/prims/rtl_prims.xml]
start_gui
source {C:/Users/juanz/Google Drive/Semestre 6/Laboratorio Electronica Digital/ProyectoTurnero/Turnero/pa.fromHdl.tcl}
# create_project -name Turnero -dir "C:/Users/juanz/Google Drive/Semestre 6/Laboratorio Electronica Digital/ProyectoTurnero/Turnero/planAhead_run_4" -part xc3s500efg320-4
# set_param project.pinAheadLayout yes
# set srcset [get_property srcset [current_run -impl]]
# set_property target_constrs_file "Turnero.ucf" [current_fileset -constrset]
Adding file 'C:/Users/juanz/Google Drive/Semestre 6/Laboratorio Electronica Digital/ProyectoTurnero/Turnero/Turnero.ucf' to fileset 'constrs_1'
# set hdlfile [add_files [list {Transmission_8bits.vhd}]]
# set_property file_type VHDL $hdlfile
# set_property library work $hdlfile
# set hdlfile [add_files [list {Reception_8bits.vhd}]]
# set_property file_type VHDL $hdlfile
# set_property library work $hdlfile
# set hdlfile [add_files [list {Multiplexor.vhd}]]
# set_property file_type VHDL $hdlfile
# set_property library work $hdlfile
# set hdlfile [add_files [list {Divisor_Frecuencia.vhd}]]
# set_property file_type VHDL $hdlfile
# set_property library work $hdlfile
# set hdlfile [add_files [list {Decodificador.vhd}]]
# set_property file_type VHDL $hdlfile
# set_property library work $hdlfile
# set hdlfile [add_files [list {Traductor8bitsTo4bits.vhd}]]
# set_property file_type VHDL $hdlfile
# set_property library work $hdlfile
# set hdlfile [add_files [list {SieteSegmentos.vhd}]]
# set_property file_type VHDL $hdlfile
# set_property library work $hdlfile
# set hdlfile [add_files [list {RS232.vhd}]]
# set_property file_type VHDL $hdlfile
# set_property library work $hdlfile
# set hdlfile [add_files [list {Antirrebote.vhd}]]
# set_property file_type VHDL $hdlfile
# set_property library work $hdlfile
# set hdlfile [add_files [list {Turnero.vhd}]]
# set_property file_type VHDL $hdlfile
# set_property library work $hdlfile
# set_property top Turnero $srcset
# add_files [list {Turnero.ucf}] -fileset [get_property constrset [current_run]]
# open_rtl_design -part xc3s500efg320-4
Using Verific elaboration
Parsing VHDL file "C:/Xilinx/14.7/ISE_DS/PlanAhead/data/parts/xilinx/rtl/lib/synplify/synattr.vhd" into library synplify
Parsing VHDL file "C:/Xilinx/14.7/ISE_DS/PlanAhead/data/parts/xilinx/rtl/lib/synplify/synattr.vhd" into library synplify
Parsing VHDL file "C:/Users/juanz/Google Drive/Semestre 6/Laboratorio Electronica Digital/ProyectoTurnero/Turnero/Transmission_8bits.vhd" into library work
Parsing VHDL file "C:/Users/juanz/Google Drive/Semestre 6/Laboratorio Electronica Digital/ProyectoTurnero/Turnero/Reception_8bits.vhd" into library work
Parsing VHDL file "C:/Users/juanz/Google Drive/Semestre 6/Laboratorio Electronica Digital/ProyectoTurnero/Turnero/Multiplexor.vhd" into library work
Parsing VHDL file "C:/Users/juanz/Google Drive/Semestre 6/Laboratorio Electronica Digital/ProyectoTurnero/Turnero/Divisor_Frecuencia.vhd" into library work
Parsing VHDL file "C:/Users/juanz/Google Drive/Semestre 6/Laboratorio Electronica Digital/ProyectoTurnero/Turnero/Decodificador.vhd" into library work
Parsing VHDL file "C:/Users/juanz/Google Drive/Semestre 6/Laboratorio Electronica Digital/ProyectoTurnero/Turnero/Traductor8bitsTo4bits.vhd" into library work
Parsing VHDL file "C:/Users/juanz/Google Drive/Semestre 6/Laboratorio Electronica Digital/ProyectoTurnero/Turnero/SieteSegmentos.vhd" into library work
Parsing VHDL file "C:/Users/juanz/Google Drive/Semestre 6/Laboratorio Electronica Digital/ProyectoTurnero/Turnero/RS232.vhd" into library work
Parsing VHDL file "C:/Users/juanz/Google Drive/Semestre 6/Laboratorio Electronica Digital/ProyectoTurnero/Turnero/Antirrebote.vhd" into library work
Parsing VHDL file "C:/Users/juanz/Google Drive/Semestre 6/Laboratorio Electronica Digital/ProyectoTurnero/Turnero/Turnero.vhd" into library work
INFO: [Designutils 20-910] Reading macro library C:/Xilinx/14.7/ISE_DS/PlanAhead/data\./parts/xilinx/spartan3e/spartan3e/hd_int_macros.edn
Parsing EDIF File [C:/Xilinx/14.7/ISE_DS/PlanAhead/data\./parts/xilinx/spartan3e/spartan3e/hd_int_macros.edn]
Finished Parsing EDIF File [C:/Xilinx/14.7/ISE_DS/PlanAhead/data\./parts/xilinx/spartan3e/spartan3e/hd_int_macros.edn]
Loading clock regions from C:/Xilinx/14.7/ISE_DS/PlanAhead/data\parts/xilinx/spartan3e/spartan3e/xc3s500e/ClockRegion.xml
Loading clock buffers from C:/Xilinx/14.7/ISE_DS/PlanAhead/data\parts/xilinx/spartan3e/spartan3e/xc3s500e/ClockBuffers.xml
Loading package from C:/Xilinx/14.7/ISE_DS/PlanAhead/data\parts/xilinx/spartan3e/spartan3e/xc3s500e/fg320/Package.xml
Loading io standards from C:/Xilinx/14.7/ISE_DS/PlanAhead/data\./parts/xilinx/spartan3e/IOStandards.xml
INFO: [Device 21-19] Loading pkg sso from C:/Xilinx/14.7/ISE_DS/PlanAhead/data\parts/xilinx/spartan3e/spartan3e/xc3s500e/fg320/SSORules.xml
Loading list of drcs for the architecture : C:/Xilinx/14.7/ISE_DS/PlanAhead/data\./parts/xilinx/spartan3e/spartan3e/drc.xml
INFO: [Timing 38-77] Reading timing library C:/Xilinx/14.7/ISE_DS/PlanAhead/data\parts/xilinx/spartan3e/spartan3e/spartan3e-4.lib.
INFO: [Timing 38-34] Done reading timing library C:/Xilinx/14.7/ISE_DS/PlanAhead/data\parts/xilinx/spartan3e/spartan3e/spartan3e-4.lib.
Parsing UCF File [C:/Users/juanz/Google Drive/Semestre 6/Laboratorio Electronica Digital/ProyectoTurnero/Turnero/Turnero.ucf]
Finished Parsing UCF File [C:/Users/juanz/Google Drive/Semestre 6/Laboratorio Electronica Digital/ProyectoTurnero/Turnero/Turnero.ucf]
INFO: [Project 1-111] Unisim Transformation Summary:
No Unisim elements were transformed.

Phase 0 | Netlist Checksum: 0a9e234e
open_rtl_design: Time (s): elapsed = 00:00:08 . Memory (MB): peak = 589.402 ; gain = 120.055
update_compile_order -fileset sim_1
set_property is_loc_fixed false [get_ports [list  SwitchEncendido]]
set_property is_loc_fixed true [get_ports [list  SwitchEncendido]]
startgroup
set_property package_pin H18 [get_ports SwitchEncendido]
endgroup
set_property package_pin "" [get_ports [list  SwitchEncendido]]
save_constraints
update_compile_order -fileset sources_1
update_compile_order -fileset sources_1
exit
ERROR: [Common 17-39] 'stop_gui' failed due to earlier errors.
INFO: [Common 17-206] Exiting PlanAhead at Thu Sep 22 23:24:44 2016...
INFO: [Common 17-83] Releasing license: PlanAhead
